<?xml version="1.0" encoding="UTF-8"?>
<!-- Generated by org.testng.reporters.JUnitReportReporter -->
<testsuite hostname="DESKTOP-640T3I7" failures="0" tests="6" name="Testing.Test3" time="0.108" errors="0" timestamp="2024-07-20T22:20:25 WIB" skipped="0">
  <testcase classname="Testing.Test3" name="webMenu" time="0.006"/>
  <testcase classname="Testing.Test3" name="ApiMenu" time="0.019"/>
  <testcase classname="Testing.Test3" name="webMenu" time="0.020"/>
  <testcase classname="Testing.Test3" name="appMenu" time="0.019"/>
  <testcase classname="Testing.Test3" name="appMenu" time="0.027"/>
  <testcase classname="Testing.Test3" name="ApiMenu" time="0.017"/>
</testsuite> <!-- Testing.Test3 -->
