<?xml version="1.0" encoding="UTF-8"?>
<!-- Generated by org.testng.reporters.JUnitReportReporter -->
<testsuite hostname="DESKTOP-640T3I7" failures="0" tests="6" name="Testing.Test4" time="0.032" errors="0" timestamp="2024-07-20T22:20:25 WIB" skipped="0">
  <testcase classname="Testing.Test4" name="LogOutUser" time="0.004"/>
  <testcase classname="Testing.Test4" name="LogOutSuperAdmin" time="0.007"/>
  <testcase classname="Testing.Test4" name="LogOutAdmin" time="0.003"/>
  <testcase classname="Testing.Test4" name="ChooseProile" time="0.010"/>
  <testcase classname="Testing.Test4" name="ChooseProile" time="0.004"/>
  <testcase classname="Testing.Test4" name="ChooseProile" time="0.004"/>
</testsuite> <!-- Testing.Test4 -->
