<?xml version="1.0" encoding="UTF-8"?>
<!-- Generated by org.testng.reporters.JUnitReportReporter -->
<testsuite hostname="DESKTOP-640T3I7" failures="0" tests="5" name="Testing.Test2" time="0.059" errors="0" timestamp="2024-07-20T22:20:25 WIB" skipped="1">
  <testcase classname="Testing.Test2" name="LoginUser2" time="0.027"/>
  <testcase classname="Testing.Test2" name="LoginUser" time="0.017"/>
  <testcase classname="Testing.Test2" name="LoginAdmin" time="0.010"/>
  <testcase classname="Testing.Test2" name="LoginClerk" time="0.005"/>
  <testcase classname="Testing.Test2" name="LoginSuperAdmin">
    <skipped/>
  </testcase> <!-- LoginSuperAdmin -->
</testsuite> <!-- Testing.Test2 -->
