<?xml version="1.0" encoding="UTF-8"?>
<!-- Generated by org.testng.reporters.JUnitReportReporter -->
<testsuite hostname="DESKTOP-640T3I7" failures="0" tests="2" name="Testing.Test1" time="0.085" errors="0" timestamp="2024-07-20T22:20:25 WIB" skipped="0">
  <testcase classname="Testing.Test1" name="runTest1" time="0.019"/>
  <testcase classname="Testing.Test1" name="runTest2" time="0.066"/>
</testsuite> <!-- Testing.Test1 -->
